# JRE version: Java(TM) SE Runtime Environment (8.0_191-b12) (build 1.8.0_191-b12)
# Java VM: Java HotSpot(TM) Client VM (25.191-b12 mixed mode windows-x86 )
Heap:
 def new generation   total 157248K, used 2835K [0x04800000, 0x0f2a0000, 0x0f2a0000)
  eden space 139776K,   2% used [0x04800000, 0x04ac4ce0, 0x0d080000)
  from space 17472K,   0% used [0x0d080000, 0x0d080000, 0x0e190000)
  to   space 17472K,   0% used [0x0e190000, 0x0e190000, 0x0f2a0000)
 tenured generation   total 349568K, used 274205K [0x0f2a0000, 0x24800000, 0x24800000)
   the space 349568K,  78% used [0x0f2a0000, 0x1fe67670, 0x1fe67800, 0x24800000)
 Metaspace       used 22142K, capacity 22660K, committed 22784K, reserved 22912K
GC Heap History (10 events):
Event: 498.360 GC heap before
{Heap before GC invocations=24 (full 4):
 def new generation   total 72960K, used 72085K [0x04800000, 0x09720000, 0x0f2a0000)
  eden space 64896K, 100% used [0x04800000, 0x08760000, 0x08760000)
  from space 8064K,  89% used [0x08760000, 0x08e655f0, 0x08f40000)
  to   space 8064K,   0% used [0x08f40000, 0x08f40000, 0x09720000)
 tenured generation   total 161968K, used 148878K [0x0f2a0000, 0x190cc000, 0x24800000)
   the space 161968K,  91% used [0x0f2a0000, 0x18403878, 0x18403a00, 0x190cc000)
 Metaspace       used 22142K, capacity 22660K, committed 22784K, reserved 22912K
Event: 498.487 GC heap after
Heap after GC invocations=25 (full 5):
 def new generation   total 120064K, used 0K [0x04800000, 0x0ca40000, 0x0f2a0000)
  eden space 106752K,   0% used [0x04800000, 0x04800000, 0x0b040000)
  from space 13312K,   0% used [0x0b040000, 0x0b040000, 0x0bd40000)
  to   space 13312K,   0% used [0x0bd40000, 0x0bd40000, 0x0ca40000)
 tenured generation   total 266616K, used 159968K [0x0f2a0000, 0x1f6fe000, 0x24800000)
   the space 266616K,  59% used [0x0f2a0000, 0x18ed8210, 0x18ed8400, 0x1f6fe000)
 Metaspace       used 22142K, capacity 22660K, committed 22784K, reserved 22912K
}
Event: 505.987 GC heap before
{Heap before GC invocations=25 (full 5):
 def new generation   total 120064K, used 106752K [0x04800000, 0x0ca40000, 0x0f2a0000)
  eden space 106752K, 100% used [0x04800000, 0x0b040000, 0x0b040000)
  from space 13312K,   0% used [0x0b040000, 0x0b040000, 0x0bd40000)
  to   space 13312K,   0% used [0x0bd40000, 0x0bd40000, 0x0ca40000)
 tenured generation   total 266616K, used 159968K [0x0f2a0000, 0x1f6fe000, 0x24800000)
   the space 266616K,  59% used [0x0f2a0000, 0x18ed8210, 0x18ed8400, 0x1f6fe000)
 Metaspace       used 22142K, capacity 22660K, committed 22784K, reserved 22912K
Event: 506.057 GC heap after
Heap after GC invocations=26 (full 5):
 def new generation   total 120064K, used 13312K [0x04800000, 0x0ca40000, 0x0f2a0000)
  eden space 106752K,   0% used [0x04800000, 0x04800000, 0x0b040000)
  from space 13312K, 100% used [0x0bd40000, 0x0ca40000, 0x0ca40000)
  to   space 13312K,   0% used [0x0b040000, 0x0b040000, 0x0bd40000)
 tenured generation   total 266616K, used 203421K [0x0f2a0000, 0x1f6fe000, 0x24800000)
   the space 266616K,  76% used [0x0f2a0000, 0x1b947730, 0x1b947800, 0x1f6fe000)
 Metaspace       used 22142K, capacity 22660K, committed 22784K, reserved 22912K
}
Event: 520.993 GC heap before
{Heap before GC invocations=26 (full 5):
 def new generation   total 120064K, used 106915K [0x04800000, 0x0ca40000, 0x0f2a0000)
  eden space 106752K,  87% used [0x04800000, 0x0a368d88, 0x0b040000)
  from space 13312K, 100% used [0x0bd40000, 0x0ca40000, 0x0ca40000)
  to   space 13312K,   0% used [0x0b040000, 0x0b040000, 0x0bd40000)
 tenured generation   total 266616K, used 203421K [0x0f2a0000, 0x1f6fe000, 0x24800000)
   the space 266616K,  76% used [0x0f2a0000, 0x1b947730, 0x1b947800, 0x1f6fe000)
 Metaspace       used 22142K, capacity 22660K, committed 22784K, reserved 22912K
Event: 521.014 GC heap after
Heap after GC invocations=27 (full 5):
 def new generation   total 120064K, used 85K [0x04800000, 0x0ca40000, 0x0f2a0000)
  eden space 106752K,   0% used [0x04800000, 0x04800000, 0x0b040000)
  from space 13312K,   0% used [0x0b040000, 0x0b0555b8, 0x0bd40000)
  to   space 13312K,   0% used [0x0bd40000, 0x0bd40000, 0x0ca40000)
 tenured generation   total 266616K, used 224925K [0x0f2a0000, 0x1f6fe000, 0x24800000)
   the space 266616K,  84% used [0x0f2a0000, 0x1ce47668, 0x1ce47800, 0x1f6fe000)
 Metaspace       used 22142K, capacity 22660K, committed 22784K, reserved 22912K
}
Event: 535.773 GC heap before
{Heap before GC invocations=27 (full 5):
 def new generation   total 120064K, used 106837K [0x04800000, 0x0ca40000, 0x0f2a0000)
  eden space 106752K, 100% used [0x04800000, 0x0b040000, 0x0b040000)
  from space 13312K,   0% used [0x0b040000, 0x0b0555b8, 0x0bd40000)
  to   space 13312K,   0% used [0x0bd40000, 0x0bd40000, 0x0ca40000)
 tenured generation   total 266616K, used 224925K [0x0f2a0000, 0x1f6fe000, 0x24800000)
   the space 266616K,  84% used [0x0f2a0000, 0x1ce47668, 0x1ce47800, 0x1f6fe000)
 Metaspace       used 22142K, capacity 22660K, committed 22784K, reserved 22912K
Event: 535.804 GC heap after
Heap after GC invocations=28 (full 5):
 def new generation   total 120064K, used 126K [0x04800000, 0x0ca40000, 0x0f2a0000)
  eden space 106752K,   0% used [0x04800000, 0x04800000, 0x0b040000)
  from space 13312K,   0% used [0x0bd40000, 0x0bd5fbf8, 0x0ca40000)
  to   space 13312K,   0% used [0x0b040000, 0x0b040000, 0x0bd40000)
 tenured generation   total 266616K, used 257693K [0x0f2a0000, 0x1f6fe000, 0x24800000)
   the space 266616K,  96% used [0x0f2a0000, 0x1ee476b0, 0x1ee47800, 0x1f6fe000)
 Metaspace       used 22142K, capacity 22660K, committed 22784K, reserved 22912K
}
Event: 543.836 GC heap before
{Heap before GC invocations=28 (full 5):
 def new generation   total 120064K, used 106878K [0x04800000, 0x0ca40000, 0x0f2a0000)
  eden space 106752K, 100% used [0x04800000, 0x0b040000, 0x0b040000)
  from space 13312K,   0% used [0x0bd40000, 0x0bd5fbf8, 0x0ca40000)
  to   space 13312K,   0% used [0x0b040000, 0x0b040000, 0x0bd40000)
 tenured generation   total 266616K, used 257693K [0x0f2a0000, 0x1f6fe000, 0x24800000)
   the space 266616K,  96% used [0x0f2a0000, 0x1ee476b0, 0x1ee47800, 0x1f6fe000)
 Metaspace       used 22142K, capacity 22660K, committed 22784K, reserved 22912K
Event: 544.721 GC heap after
Heap after GC invocations=29 (full 6):
 def new generation   total 157248K, used 0K [0x04800000, 0x0f2a0000, 0x0f2a0000)
  eden space 139776K,   0% used [0x04800000, 0x04800000, 0x0d080000)
  from space 17472K,   0% used [0x0d080000, 0x0d080000, 0x0e190000)
  to   space 17472K,   0% used [0x0e190000, 0x0e190000, 0x0f2a0000)
 tenured generation   total 349568K, used 274205K [0x0f2a0000, 0x24800000, 0x24800000)
   the space 349568K,  78% used [0x0f2a0000, 0x1fe67670, 0x1fe67800, 0x24800000)
 Metaspace       used 22142K, capacity 22660K, committed 22784K, reserved 22912K
}

