# JRE version: Java(TM) SE Runtime Environment (8.0_191-b12) (build 1.8.0_191-b12)
# Java VM: Java HotSpot(TM) Client VM (25.191-b12 mixed mode windows-x86 )
Heap:
 def new generation   total 139392K, used 17388K [0x05400000, 0x0eb30000, 0x0fea0000)
  eden space 123968K,  14% used [0x05400000, 0x064fb3f0, 0x0cd10000)
  from space 15424K,   0% used [0x0cd10000, 0x0cd10000, 0x0dc20000)
  to   space 15424K,   0% used [0x0dc20000, 0x0dc20000, 0x0eb30000)
 tenured generation   total 309556K, used 185731K [0x0fea0000, 0x22ced000, 0x25400000)
   the space 309556K,  59% used [0x0fea0000, 0x1b400e80, 0x1b401000, 0x22ced000)
 Metaspace       used 22532K, capacity 23067K, committed 23168K, reserved 23936K
GC Heap History (10 events):
Event: 8176.068 GC heap before
{Heap before GC invocations=60 (full 4):
 def new generation   total 77120K, used 73112K [0x05400000, 0x0a7a0000, 0x0fea0000)
  eden space 68608K, 100% used [0x05400000, 0x09700000, 0x09700000)
  from space 8512K,  52% used [0x09f50000, 0x0a3b63b0, 0x0a7a0000)
  to   space 8512K,   0% used [0x09700000, 0x09700000, 0x09f50000)
 tenured generation   total 171196K, used 158483K [0x0fea0000, 0x1a5cf000, 0x25400000)
   the space 171196K,  92% used [0x0fea0000, 0x19964e98, 0x19965000, 0x1a5cf000)
 Metaspace       used 22535K, capacity 23072K, committed 23168K, reserved 23936K
Event: 8176.079 GC heap after
Heap after GC invocations=61 (full 4):
 def new generation   total 77120K, used 3524K [0x05400000, 0x0a7a0000, 0x0fea0000)
  eden space 68608K,   0% used [0x05400000, 0x05400000, 0x09700000)
  from space 8512K,  41% used [0x09700000, 0x09a71358, 0x09f50000)
  to   space 8512K,   0% used [0x09f50000, 0x09f50000, 0x0a7a0000)
 tenured generation   total 171196K, used 159269K [0x0fea0000, 0x1a5cf000, 0x25400000)
   the space 171196K,  93% used [0x0fea0000, 0x19a294d8, 0x19a29600, 0x1a5cf000)
 Metaspace       used 22535K, capacity 23072K, committed 23168K, reserved 23936K
}
Event: 8274.405 GC heap before
{Heap before GC invocations=61 (full 4):
 def new generation   total 77120K, used 72132K [0x05400000, 0x0a7a0000, 0x0fea0000)
  eden space 68608K, 100% used [0x05400000, 0x09700000, 0x09700000)
  from space 8512K,  41% used [0x09700000, 0x09a71358, 0x09f50000)
  to   space 8512K,   0% used [0x09f50000, 0x09f50000, 0x0a7a0000)
 tenured generation   total 171196K, used 159269K [0x0fea0000, 0x1a5cf000, 0x25400000)
   the space 171196K,  93% used [0x0fea0000, 0x19a294d8, 0x19a29600, 0x1a5cf000)
 Metaspace       used 22535K, capacity 23072K, committed 23168K, reserved 23936K
Event: 8274.416 GC heap after
Heap after GC invocations=62 (full 4):
 def new generation   total 77120K, used 4300K [0x05400000, 0x0a7a0000, 0x0fea0000)
  eden space 68608K,   0% used [0x05400000, 0x05400000, 0x09700000)
  from space 8512K,  50% used [0x09f50000, 0x0a383038, 0x0a7a0000)
  to   space 8512K,   0% used [0x09700000, 0x09700000, 0x09f50000)
 tenured generation   total 171196K, used 159269K [0x0fea0000, 0x1a5cf000, 0x25400000)
   the space 171196K,  93% used [0x0fea0000, 0x19a294d8, 0x19a29600, 0x1a5cf000)
 Metaspace       used 22535K, capacity 23072K, committed 23168K, reserved 23936K
}
Event: 8375.923 GC heap before
{Heap before GC invocations=62 (full 4):
 def new generation   total 77120K, used 72908K [0x05400000, 0x0a7a0000, 0x0fea0000)
  eden space 68608K, 100% used [0x05400000, 0x09700000, 0x09700000)
  from space 8512K,  50% used [0x09f50000, 0x0a383038, 0x0a7a0000)
  to   space 8512K,   0% used [0x09700000, 0x09700000, 0x09f50000)
 tenured generation   total 171196K, used 159269K [0x0fea0000, 0x1a5cf000, 0x25400000)
   the space 171196K,  93% used [0x0fea0000, 0x19a294d8, 0x19a29600, 0x1a5cf000)
 Metaspace       used 22536K, capacity 23072K, committed 23168K, reserved 23936K
Event: 8375.956 GC heap after
Heap after GC invocations=63 (full 4):
 def new generation   total 77120K, used 6701K [0x05400000, 0x0a7a0000, 0x0fea0000)
  eden space 68608K,   0% used [0x05400000, 0x05400000, 0x09700000)
  from space 8512K,  78% used [0x09700000, 0x09d8b698, 0x09f50000)
  to   space 8512K,   0% used [0x09f50000, 0x09f50000, 0x0a7a0000)
 tenured generation   total 171196K, used 159339K [0x0fea0000, 0x1a5cf000, 0x25400000)
   the space 171196K,  93% used [0x0fea0000, 0x19a3af88, 0x19a3b000, 0x1a5cf000)
 Metaspace       used 22536K, capacity 23072K, committed 23168K, reserved 23936K
}
Event: 8518.554 GC heap before
{Heap before GC invocations=63 (full 4):
 def new generation   total 77120K, used 73558K [0x05400000, 0x0a7a0000, 0x0fea0000)
  eden space 68608K,  97% used [0x05400000, 0x0954a370, 0x09700000)
  from space 8512K,  78% used [0x09700000, 0x09d8b698, 0x09f50000)
  to   space 8512K,   0% used [0x09f50000, 0x09f50000, 0x0a7a0000)
 tenured generation   total 171196K, used 159339K [0x0fea0000, 0x1a5cf000, 0x25400000)
   the space 171196K,  93% used [0x0fea0000, 0x19a3af88, 0x19a3b000, 0x1a5cf000)
 Metaspace       used 22536K, capacity 23072K, committed 23168K, reserved 23936K
Event: 8518.599 GC heap after
Heap after GC invocations=64 (full 4):
 def new generation   total 77120K, used 8512K [0x05400000, 0x0a7a0000, 0x0fea0000)
  eden space 68608K,   0% used [0x05400000, 0x05400000, 0x09700000)
  from space 8512K, 100% used [0x09f50000, 0x0a7a0000, 0x0a7a0000)
  to   space 8512K,   0% used [0x09700000, 0x09700000, 0x09f50000)
 tenured generation   total 171196K, used 165732K [0x0fea0000, 0x1a5cf000, 0x25400000)
   the space 171196K,  96% used [0x0fea0000, 0x1a0792a8, 0x1a079400, 0x1a5cf000)
 Metaspace       used 22536K, capacity 23072K, committed 23168K, reserved 23936K
}
Event: 8522.586 GC heap before
{Heap before GC invocations=64 (full 4):
 def new generation   total 77120K, used 72687K [0x05400000, 0x0a7a0000, 0x0fea0000)
  eden space 68608K,  93% used [0x05400000, 0x092abe78, 0x09700000)
  from space 8512K, 100% used [0x09f50000, 0x0a7a0000, 0x0a7a0000)
  to   space 8512K,   0% used [0x09700000, 0x09700000, 0x09f50000)
 tenured generation   total 171196K, used 165732K [0x0fea0000, 0x1a5cf000, 0x25400000)
   the space 171196K,  96% used [0x0fea0000, 0x1a0792a8, 0x1a079400, 0x1a5cf000)
 Metaspace       used 22536K, capacity 23072K, committed 23168K, reserved 23936K
Event: 8523.391 GC heap after
Heap after GC invocations=65 (full 5):
 def new generation   total 139392K, used 8511K [0x05400000, 0x0eb30000, 0x0fea0000)
  eden space 123968K,   6% used [0x05400000, 0x05c4ff20, 0x0cd10000)
  from space 15424K,   0% used [0x0cd10000, 0x0cd10000, 0x0dc20000)
  to   space 15424K,   0% used [0x0dc20000, 0x0dc20000, 0x0eb30000)
 tenured generation   total 309556K, used 185731K [0x0fea0000, 0x22ced000, 0x25400000)
   the space 309556K,  59% used [0x0fea0000, 0x1b400e80, 0x1b401000, 0x22ced000)
 Metaspace       used 22532K, capacity 23067K, committed 23168K, reserved 23936K
}

