# JRE version: Java(TM) SE Runtime Environment (8.0_191-b12) (build 1.8.0_191-b12)
# Java VM: Java HotSpot(TM) Client VM (25.191-b12 mixed mode windows-x86 )
Heap:
 def new generation   total 103808K, used 11229K [0x04600000, 0x0b6a0000, 0x0f0a0000)
  eden space 92288K,  12% used [0x04600000, 0x050f77a0, 0x0a020000)
  from space 11520K,   0% used [0x0a020000, 0x0a020000, 0x0ab60000)
  to   space 11520K,   0% used [0x0ab60000, 0x0ab60000, 0x0b6a0000)
 tenured generation   total 230492K, used 138294K [0x0f0a0000, 0x1d1b7000, 0x24600000)
   the space 230492K,  59% used [0x0f0a0000, 0x177ad890, 0x177ada00, 0x1d1b7000)
 Metaspace       used 23018K, capacity 23621K, committed 23680K, reserved 23936K
GC Heap History (10 events):
Event: 8186.920 GC heap before
{Heap before GC invocations=59 (full 5):
 def new generation   total 99392K, used 96980K [0x04600000, 0x0b1d0000, 0x0f0a0000)
  eden space 88384K, 100% used [0x04600000, 0x09c50000, 0x09c50000)
  from space 11008K,  78% used [0x0a710000, 0x0af75300, 0x0b1d0000)
  to   space 11008K,   0% used [0x09c50000, 0x09c50000, 0x0a710000)
 tenured generation   total 220728K, used 206870K [0x0f0a0000, 0x1c82e000, 0x24600000)
   the space 220728K,  93% used [0x0f0a0000, 0x1baa5af8, 0x1baa5c00, 0x1c82e000)
 Metaspace       used 23049K, capacity 23659K, committed 23680K, reserved 23936K
Event: 8186.976 GC heap after
Heap after GC invocations=60 (full 5):
 def new generation   total 99392K, used 7590K [0x04600000, 0x0b1d0000, 0x0f0a0000)
  eden space 88384K,   0% used [0x04600000, 0x04600000, 0x09c50000)
  from space 11008K,  68% used [0x09c50000, 0x0a3b9ba0, 0x0a710000)
  to   space 11008K,   0% used [0x0a710000, 0x0a710000, 0x0b1d0000)
 tenured generation   total 220728K, used 210447K [0x0f0a0000, 0x1c82e000, 0x24600000)
   the space 220728K,  95% used [0x0f0a0000, 0x1be23f20, 0x1be24000, 0x1c82e000)
 Metaspace       used 23049K, capacity 23659K, committed 23680K, reserved 23936K
}
Event: 8536.173 GC heap before
{Heap before GC invocations=60 (full 5):
 def new generation   total 99392K, used 95974K [0x04600000, 0x0b1d0000, 0x0f0a0000)
  eden space 88384K, 100% used [0x04600000, 0x09c50000, 0x09c50000)
  from space 11008K,  68% used [0x09c50000, 0x0a3b9ba0, 0x0a710000)
  to   space 11008K,   0% used [0x0a710000, 0x0a710000, 0x0b1d0000)
 tenured generation   total 220728K, used 210447K [0x0f0a0000, 0x1c82e000, 0x24600000)
   the space 220728K,  95% used [0x0f0a0000, 0x1be23f20, 0x1be24000, 0x1c82e000)
 Metaspace       used 23049K, capacity 23659K, committed 23680K, reserved 23936K
Event: 8536.289 GC heap after
Heap after GC invocations=61 (full 5):
 def new generation   total 99392K, used 3569K [0x04600000, 0x0b1d0000, 0x0f0a0000)
  eden space 88384K,   0% used [0x04600000, 0x04600000, 0x09c50000)
  from space 11008K,  32% used [0x0a710000, 0x0aa8c4c8, 0x0b1d0000)
  to   space 11008K,   0% used [0x09c50000, 0x09c50000, 0x0a710000)
 tenured generation   total 220728K, used 214707K [0x0f0a0000, 0x1c82e000, 0x24600000)
   the space 220728K,  97% used [0x0f0a0000, 0x1c24cf30, 0x1c24d000, 0x1c82e000)
 Metaspace       used 23049K, capacity 23659K, committed 23680K, reserved 23936K
}
Event: 8937.769 GC heap before
{Heap before GC invocations=61 (full 5):
 def new generation   total 99392K, used 91934K [0x04600000, 0x0b1d0000, 0x0f0a0000)
  eden space 88384K,  99% used [0x04600000, 0x09c4b3a8, 0x09c50000)
  from space 11008K,  32% used [0x0a710000, 0x0aa8c4c8, 0x0b1d0000)
  to   space 11008K,   0% used [0x09c50000, 0x09c50000, 0x0a710000)
 tenured generation   total 220728K, used 214707K [0x0f0a0000, 0x1c82e000, 0x24600000)
   the space 220728K,  97% used [0x0f0a0000, 0x1c24cf30, 0x1c24d000, 0x1c82e000)
 Metaspace       used 23051K, capacity 23661K, committed 23680K, reserved 23936K
Event: 8937.858 GC heap after
Heap after GC invocations=62 (full 5):
 def new generation   total 99392K, used 7223K [0x04600000, 0x0b1d0000, 0x0f0a0000)
  eden space 88384K,   0% used [0x04600000, 0x04600000, 0x09c50000)
  from space 11008K,  65% used [0x09c50000, 0x0a35dc50, 0x0a710000)
  to   space 11008K,   0% used [0x0a710000, 0x0a710000, 0x0b1d0000)
 tenured generation   total 220728K, used 214707K [0x0f0a0000, 0x1c82e000, 0x24600000)
   the space 220728K,  97% used [0x0f0a0000, 0x1c24cf30, 0x1c24d000, 0x1c82e000)
 Metaspace       used 23051K, capacity 23661K, committed 23680K, reserved 23936K
}
Event: 8940.036 GC heap before
{Heap before GC invocations=62 (full 5):
 def new generation   total 99392K, used 95150K [0x04600000, 0x0b1d0000, 0x0f0a0000)
  eden space 88384K,  99% used [0x04600000, 0x09bddd88, 0x09c50000)
  from space 11008K,  65% used [0x09c50000, 0x0a35dc50, 0x0a710000)
  to   space 11008K,   0% used [0x0a710000, 0x0a710000, 0x0b1d0000)
 tenured generation   total 220728K, used 214707K [0x0f0a0000, 0x1c82e000, 0x24600000)
   the space 220728K,  97% used [0x0f0a0000, 0x1c24cf30, 0x1c24d000, 0x1c82e000)
 Metaspace       used 23051K, capacity 23661K, committed 23680K, reserved 23936K
Event: 8940.058 GC heap after
Heap after GC invocations=63 (full 5):
 def new generation   total 99392K, used 10922K [0x04600000, 0x0b1d0000, 0x0f0a0000)
  eden space 88384K,   0% used [0x04600000, 0x04600000, 0x09c50000)
  from space 11008K,  99% used [0x0a710000, 0x0b1bab38, 0x0b1d0000)
  to   space 11008K,   0% used [0x09c50000, 0x09c50000, 0x0a710000)
 tenured generation   total 220728K, used 220156K [0x0f0a0000, 0x1c82e000, 0x24600000)
   the space 220728K,  99% used [0x0f0a0000, 0x1c79f108, 0x1c79f200, 0x1c82e000)
 Metaspace       used 23051K, capacity 23661K, committed 23680K, reserved 23936K
}
Event: 8942.013 GC heap before
{Heap before GC invocations=63 (full 5):
 def new generation   total 99392K, used 98226K [0x04600000, 0x0b1d0000, 0x0f0a0000)
  eden space 88384K,  98% used [0x04600000, 0x09b41f70, 0x09c50000)
  from space 11008K,  99% used [0x0a710000, 0x0b1bab38, 0x0b1d0000)
  to   space 11008K,   0% used [0x09c50000, 0x09c50000, 0x0a710000)
 tenured generation   total 220728K, used 220156K [0x0f0a0000, 0x1c82e000, 0x24600000)
   the space 220728K,  99% used [0x0f0a0000, 0x1c79f108, 0x1c79f200, 0x1c82e000)
 Metaspace       used 23051K, capacity 23661K, committed 23680K, reserved 23936K
Event: 8943.158 GC heap after
Heap after GC invocations=64 (full 6):
 def new generation   total 103808K, used 0K [0x04600000, 0x0b6a0000, 0x0f0a0000)
  eden space 92288K,   0% used [0x04600000, 0x04600000, 0x0a020000)
  from space 11520K,   0% used [0x0a020000, 0x0a020000, 0x0ab60000)
  to   space 11520K,   0% used [0x0ab60000, 0x0ab60000, 0x0b6a0000)
 tenured generation   total 230492K, used 138294K [0x0f0a0000, 0x1d1b7000, 0x24600000)
   the space 230492K,  59% used [0x0f0a0000, 0x177ad890, 0x177ada00, 0x1d1b7000)
 Metaspace       used 23018K, capacity 23621K, committed 23680K, reserved 23936K
}

